<?xml version="1.0" encoding="UTF-8"?>
<!-- Generated by org.testng.reporters.JUnitXMLReporter -->
<testsuite ignored="0" hostname="Chandranis-MacBook-Air.local" failures="1" tests="1" name="Test-0" time="67.7" errors="0" timestamp="2024-12-30T00:10:41 IST">
  <testcase classname="ElPais.Assignment.scrapeArticles" name="articles" time="1.293">
    <failure type="org.openqa.selenium.ElementClickInterceptedException" message="element click intercepted: Element &amp;lt;a href=&amp;quot;https://elpais.com/opinion/&amp;quot; class=&amp;quot;&amp;quot; data-mrf-link=&amp;quot;https://elpais.com/opinion/&amp;quot; cmp-ltrk=&amp;quot;portada_menu&amp;quot; cmp-ltrk-idx=&amp;quot;1&amp;quot; mrfobservableid=&amp;quot;c6b0b8ac-6082-4a11-b63b-9df1fd7dec90&amp;quot;&amp;gt;...&amp;lt;/a&amp;gt; is not clickable at point (149, 443). Other element would receive the click: &amp;lt;div class=&amp;quot;blockNavigation&amp;quot;&amp;gt;&amp;lt;/div&amp;gt;
  (Session info: chrome=131.0.6778.70)
Build info: version: &amp;apos;4.27.0&amp;apos;, revision: &amp;apos;d6e718d134&amp;apos;
System info: os.name: &amp;apos;Mac OS X&amp;apos;, os.arch: &amp;apos;aarch64&amp;apos;, os.version: &amp;apos;15.1.1&amp;apos;, java.version: &amp;apos;23.0.1&amp;apos;
Driver info: org.openqa.selenium.chrome.ChromeDriver
Command: [527d1f210ad0ce84b745cccd8b99381c390f4bbe, clickElement {id=f.EA0E77EB9238AA75650E543380E1EF12.d.DB83F8B7B097370F254FB2B3CC2E07B2.e.21}]
Capabilities {acceptInsecureCerts: false, browserName: chrome, browserVersion: 131.0.6778.70, chrome: {chromedriverVersion: 131.0.6778.69 (77e2244bbcda..., userDataDir: /var/folders/yj/h3bj394n2tn...}, fedcm:accounts: true, goog:chromeOptions: {debuggerAddress: localhost:50893}, networkConnectionEnabled: false, optimalHubUrl: hub-aps.browserstack.com, pageLoadStrategy: normal, platformName: mac, proxy: Proxy(), setWindowRect: true, strictFileInteractability: false, timeouts: {implicit: 0, pageLoad: 300000, script: 30000}, unhandledPromptBehavior: dismiss and notify, webauthn:extension:credBlob: true, webauthn:extension:largeBlob: true, webauthn:extension:minPinLength: true, webauthn:extension:prf: true, webauthn:virtualAuthenticators: true, webdriver.remote.sessionid: 527d1f210ad0ce84b745cccd8b9...}
Element: [[ChromeDriver: chrome on mac (527d1f210ad0ce84b745cccd8b99381c390f4bbe)] -&amp;gt; xpath: (//a[@href=&amp;apos;https://elpais.com/opinion/&amp;apos;])[1]]
Session ID: 527d1f210ad0ce84b745cccd8b99381c390f4bbe">
      <![CDATA[org.openqa.selenium.ElementClickInterceptedException: element click intercepted: Element <a href="https://elpais.com/opinion/" class="" data-mrf-link="https://elpais.com/opinion/" cmp-ltrk="portada_menu" cmp-ltrk-idx="1" mrfobservableid="c6b0b8ac-6082-4a11-b63b-9df1fd7dec90">...</a> is not clickable at point (149, 443). Other element would receive the click: <div class="blockNavigation"></div>
  (Session info: chrome=131.0.6778.70)
Build info: version: '4.27.0', revision: 'd6e718d134'
System info: os.name: 'Mac OS X', os.arch: 'aarch64', os.version: '15.1.1', java.version: '23.0.1'
Driver info: org.openqa.selenium.chrome.ChromeDriver
Command: [527d1f210ad0ce84b745cccd8b99381c390f4bbe, clickElement {id=f.EA0E77EB9238AA75650E543380E1EF12.d.DB83F8B7B097370F254FB2B3CC2E07B2.e.21}]
Capabilities {acceptInsecureCerts: false, browserName: chrome, browserVersion: 131.0.6778.70, chrome: {chromedriverVersion: 131.0.6778.69 (77e2244bbcda..., userDataDir: /var/folders/yj/h3bj394n2tn...}, fedcm:accounts: true, goog:chromeOptions: {debuggerAddress: localhost:50893}, networkConnectionEnabled: false, optimalHubUrl: hub-aps.browserstack.com, pageLoadStrategy: normal, platformName: mac, proxy: Proxy(), setWindowRect: true, strictFileInteractability: false, timeouts: {implicit: 0, pageLoad: 300000, script: 30000}, unhandledPromptBehavior: dismiss and notify, webauthn:extension:credBlob: true, webauthn:extension:largeBlob: true, webauthn:extension:minPinLength: true, webauthn:extension:prf: true, webauthn:virtualAuthenticators: true, webdriver.remote.sessionid: 527d1f210ad0ce84b745cccd8b9...}
Element: [[ChromeDriver: chrome on mac (527d1f210ad0ce84b745cccd8b99381c390f4bbe)] -> xpath: (//a[@href='https://elpais.com/opinion/'])[1]]
Session ID: 527d1f210ad0ce84b745cccd8b99381c390f4bbe
at org.openqa.selenium.remote.ErrorCodec.decode(ErrorCodec.java:167)
at org.openqa.selenium.remote.codec.w3c.W3CHttpResponseCodec.decode(W3CHttpResponseCodec.java:138)
at org.openqa.selenium.remote.codec.w3c.W3CHttpResponseCodec.decode(W3CHttpResponseCodec.java:50)
at org.openqa.selenium.remote.HttpCommandExecutor.execute(HttpCommandExecutor.java:190)
at org.openqa.selenium.remote.RemoteWebDriver.execute(RemoteWebDriver.java:545)
at org.openqa.selenium.remote.RemoteWebElement.execute(RemoteWebElement.java:223)
at org.openqa.selenium.remote.RemoteWebElement.click(RemoteWebElement.java:76)
at ElPais.Assignment.scrapeArticles.articles(scrapeArticles.java:39)
at java.base/java.util.ArrayList.forEach(ArrayList.java:1597)
at java.base/java.util.concurrent.FutureTask.run(FutureTask.java:317)
at java.base/java.util.concurrent.ThreadPoolExecutor.runWorker(ThreadPoolExecutor.java:1144)
at java.base/java.util.concurrent.ThreadPoolExecutor$Worker.run(ThreadPoolExecutor.java:642)
at java.base/java.lang.Thread.run(Thread.java:1575)
... Removed 18 stack frames]]>
    </failure>
  </testcase> <!-- articles -->
</testsuite> <!-- Test-0 -->
